2025-04-11 19:34:27,244 - INFO - Loading .env from: /Users/nhi/Documents/school/another/backend/.env
2025-04-11 19:34:27,245 - INFO - Environment variables:
2025-04-11 19:34:27,245 - INFO - DATABASE_URL from env: postgresql://postgres:1234@localhost:5444/iot_db
2025-04-11 19:34:27,245 - INFO - ALGORITHM from env: HS256
2025-04-11 19:34:27,245 - INFO - ACCESS_TOKEN_EXPIRE_MINUTES from env: None
2025-04-11 19:34:27,249 - INFO - Settings loaded successfully
2025-04-11 19:34:27,249 - INFO - Final Database URL being used: postgresql://postgres:1234@localhost:5444/iot_db
2025-04-11 19:34:27,249 - INFO - Final Algorithm being used: HS256
2025-04-11 19:34:27,249 - INFO - Final Token expire minutes: 30
2025-04-11 19:34:27,249 - INFO - Đã tải cấu hình từ config.py
2025-04-11 19:34:27,326 - ERROR - Lỗi khi thiết lập cơ sở dữ liệu: (psycopg2.OperationalError) connection to server at "localhost" (::1), port 5444 failed: Connection refused
	Is the server running on that host and accepting TCP/IP connections?
connection to server at "localhost" (127.0.0.1), port 5444 failed: Connection refused
	Is the server running on that host and accepting TCP/IP connections?

(Background on this error at: https://sqlalche.me/e/20/e3q8)
2025-04-11 20:58:46,261 - INFO - Loading .env from: /Users/nhi/Documents/school/another/backend/.env
2025-04-11 20:58:46,262 - INFO - Environment variables:
2025-04-11 20:58:46,262 - INFO - DATABASE_URL from env: postgresql://postgres:1234@localhost:5444/iot_db
2025-04-11 20:58:46,262 - INFO - ALGORITHM from env: HS256
2025-04-11 20:58:46,262 - INFO - ACCESS_TOKEN_EXPIRE_MINUTES from env: None
2025-04-11 20:58:46,267 - INFO - Settings loaded successfully
2025-04-11 20:58:46,267 - INFO - Final Database URL being used: postgresql://postgres:1234@localhost:5444/iot_db
2025-04-11 20:58:46,267 - INFO - Final Algorithm being used: HS256
2025-04-11 20:58:46,267 - INFO - Final Token expire minutes: 30
2025-04-11 20:58:46,267 - INFO - Đã tải cấu hình từ config.py
2025-04-11 20:58:46,350 - INFO - Các bảng hiện có trong database: ['users', 'devices', 'original_samples', 'compressed_data_optimized', 'feeds', 'sensor_data']
2025-04-11 20:58:46,350 - INFO - Tất cả các bảng cần thiết đã được thiết lập thành công!
2025-04-11 20:58:46,371 - INFO - Đã tạo bảng feeds
2025-04-11 20:58:46,380 - INFO - Đã tạo bảng sensor_data
2025-04-11 21:01:19,996 - INFO - Loading .env from: /Users/nhi/Documents/school/another/backend/.env
2025-04-11 21:01:19,998 - INFO - Environment variables:
2025-04-11 21:01:19,998 - INFO - DATABASE_URL from env: postgresql://postgres:1234@localhost:5444/iot_db
2025-04-11 21:01:19,998 - INFO - ALGORITHM from env: HS256
2025-04-11 21:01:19,998 - INFO - ACCESS_TOKEN_EXPIRE_MINUTES from env: None
2025-04-11 21:01:20,002 - INFO - Settings loaded successfully
2025-04-11 21:01:20,002 - INFO - Final Database URL being used: postgresql://postgres:1234@localhost:5444/iot_db
2025-04-11 21:01:20,002 - INFO - Final Algorithm being used: HS256
2025-04-11 21:01:20,002 - INFO - Final Token expire minutes: 30
2025-04-11 21:01:20,002 - INFO - Đã tải cấu hình từ config.py
2025-04-11 21:01:20,092 - INFO - Các bảng hiện có trong database: ['users', 'devices', 'original_samples', 'compressed_data_optimized', 'feeds', 'sensor_data']
2025-04-11 21:01:20,092 - INFO - Tất cả các bảng cần thiết đã được thiết lập thành công!
2025-04-11 21:01:20,106 - INFO - Đã tạo bảng feeds
2025-04-11 21:01:20,112 - INFO - Đã tạo bảng sensor_data
2025-04-11 21:02:05,197 - INFO - Loading .env from: /Users/nhi/Documents/school/another/backend/.env
2025-04-11 21:02:05,198 - INFO - Environment variables:
2025-04-11 21:02:05,198 - INFO - DATABASE_URL from env: postgresql://postgres:1234@localhost:5444/iot_db
2025-04-11 21:02:05,199 - INFO - ALGORITHM from env: HS256
2025-04-11 21:02:05,199 - INFO - ACCESS_TOKEN_EXPIRE_MINUTES from env: None
2025-04-11 21:02:05,205 - INFO - Settings loaded successfully
2025-04-11 21:02:05,205 - INFO - Final Database URL being used: postgresql://postgres:1234@localhost:5444/iot_db
2025-04-11 21:02:05,205 - INFO - Final Algorithm being used: HS256
2025-04-11 21:02:05,205 - INFO - Final Token expire minutes: 30
2025-04-11 21:02:05,205 - INFO - Đã tải cấu hình từ config.py
2025-04-11 21:02:05,293 - INFO - Các bảng hiện có trong database: ['users', 'devices', 'original_samples', 'compressed_data_optimized', 'feeds', 'sensor_data']
2025-04-11 21:02:05,293 - INFO - Tất cả các bảng cần thiết đã được thiết lập thành công!
2025-04-11 21:02:05,304 - INFO - Đã tạo bảng feeds
2025-04-11 21:02:05,311 - INFO - Đã tạo bảng sensor_data
2025-04-11 21:14:55,579 - INFO - Loading .env from: /Users/nhi/Documents/school/another/backend/.env
2025-04-11 21:14:55,580 - INFO - Environment variables:
2025-04-11 21:14:55,580 - INFO - DATABASE_URL from env: postgresql://postgres:1234@localhost:5444/iot_db
2025-04-11 21:14:55,580 - INFO - ALGORITHM from env: HS256
2025-04-11 21:14:55,580 - INFO - ACCESS_TOKEN_EXPIRE_MINUTES from env: None
2025-04-11 21:14:55,585 - INFO - Settings loaded successfully
2025-04-11 21:14:55,585 - INFO - Final Database URL being used: postgresql://postgres:1234@localhost:5444/iot_db
2025-04-11 21:14:55,585 - INFO - Final Algorithm being used: HS256
2025-04-11 21:14:55,585 - INFO - Final Token expire minutes: 30
2025-04-11 21:14:55,585 - INFO - Đã tải cấu hình từ config.py
2025-04-11 21:14:55,667 - INFO - Các bảng hiện có trong database: ['sensor_data', 'feeds', 'users', 'devices', 'original_samples', 'compressed_data_optimized']
2025-04-11 21:14:55,667 - INFO - Tất cả các bảng cần thiết đã được thiết lập thành công!
2025-04-11 21:14:55,678 - INFO - Đã tạo bảng feeds
2025-04-11 21:14:55,684 - INFO - Đã tạo bảng sensor_data
2025-05-17 23:40:43,174 - INFO - Loading .env from: /Users/nhi/Documents/school/another/backend/.env
2025-05-17 23:40:43,175 - INFO - Environment variables:
2025-05-17 23:40:43,176 - INFO - DATABASE_URL from env: postgresql://postgres:1234@localhost:5444/iot_db
2025-05-17 23:40:43,176 - INFO - ALGORITHM from env: HS256
2025-05-17 23:40:43,176 - INFO - ACCESS_TOKEN_EXPIRE_MINUTES from env: None
2025-05-17 23:40:43,181 - INFO - Settings loaded successfully
2025-05-17 23:40:43,181 - INFO - Final Database URL being used: postgresql://postgres:1234@localhost:5444/iot_db
2025-05-17 23:40:43,181 - INFO - Final Algorithm being used: HS256
2025-05-17 23:40:43,181 - INFO - Final Token expire minutes: 30
2025-05-17 23:40:43,181 - INFO - Đã tải cấu hình từ config.py
2025-05-17 23:40:43,286 - INFO - Các bảng hiện có trong database: ['sensor_data', 'feeds', 'users', 'devices', 'original_samples', 'compressed_data_optimized']
2025-05-17 23:40:43,286 - INFO - Tất cả các bảng cần thiết đã được thiết lập thành công!
2025-05-17 23:40:43,308 - INFO - Đã tạo bảng feeds
2025-05-17 23:40:43,316 - INFO - Đã tạo bảng sensor_data
2025-05-17 23:42:16,226 - INFO - Loading .env from: /Users/nhi/Documents/school/another/backend/.env
2025-05-17 23:42:16,228 - INFO - Environment variables:
2025-05-17 23:42:16,228 - INFO - DATABASE_URL from env: postgresql://postgres:1234@localhost:5444/iot_db
2025-05-17 23:42:16,228 - INFO - ALGORITHM from env: HS256
2025-05-17 23:42:16,228 - INFO - ACCESS_TOKEN_EXPIRE_MINUTES from env: None
2025-05-17 23:42:16,232 - INFO - Settings loaded successfully
2025-05-17 23:42:16,232 - INFO - Final Database URL being used: postgresql://postgres:1234@localhost:5444/iot_db
2025-05-17 23:42:16,232 - INFO - Final Algorithm being used: HS256
2025-05-17 23:42:16,232 - INFO - Final Token expire minutes: 30
2025-05-17 23:42:16,232 - INFO - Đã tải cấu hình từ config.py
2025-05-17 23:42:16,317 - WARNING - Thiếu các bảng cần thiết: ['compressed_data_optimized']
2025-05-17 23:42:16,317 - WARNING - Các bảng này sẽ được tạo mới
2025-05-17 23:42:16,383 - INFO - Đã tạo các bảng còn thiếu thành công
2025-05-17 23:42:16,385 - INFO - Các bảng hiện có trong database: ['feeds', 'sensor_data', 'compressed_data_optimized', 'users', 'devices', 'original_samples']
2025-05-17 23:42:16,385 - INFO - Tất cả các bảng cần thiết đã được thiết lập thành công!
2025-05-17 23:42:16,392 - INFO - Đã tạo bảng feeds
2025-05-17 23:42:16,399 - INFO - Đã tạo bảng sensor_data
2025-05-18 17:08:52,566 - INFO - Loading .env from: /Users/nhi/Documents/school/another/backend/.env
2025-05-18 17:08:52,568 - INFO - Environment variables:
2025-05-18 17:08:52,568 - INFO - DATABASE_URL from env: postgresql://postgres:1234@localhost:5444/iot_db
2025-05-18 17:08:52,568 - INFO - ALGORITHM from env: HS256
2025-05-18 17:08:52,568 - INFO - ACCESS_TOKEN_EXPIRE_MINUTES from env: None
2025-05-18 17:08:52,572 - INFO - Settings loaded successfully
2025-05-18 17:08:52,572 - INFO - Final Database URL being used: postgresql://postgres:1234@localhost:5444/iot_db
2025-05-18 17:08:52,572 - INFO - Final Algorithm being used: HS256
2025-05-18 17:08:52,572 - INFO - Final Token expire minutes: 30
2025-05-18 17:08:52,572 - INFO - Đã tải cấu hình từ config.py
2025-05-18 17:08:52,671 - INFO - Các bảng hiện có trong database: ['compressed_data_optimized', 'users', 'feeds', 'devices', 'original_samples', 'sensor_data']
2025-05-18 17:08:52,671 - INFO - Tất cả các bảng cần thiết đã được thiết lập thành công!
2025-05-18 17:08:52,688 - INFO - Đã tạo bảng feeds
2025-05-18 17:08:52,694 - INFO - Đã tạo bảng sensor_data
2025-05-18 17:13:00,508 - INFO - Loading .env from: /Users/nhi/Documents/school/another/backend/.env
2025-05-18 17:13:00,510 - INFO - Environment variables:
2025-05-18 17:13:00,510 - INFO - DATABASE_URL from env: postgresql://postgres:1234@localhost:5444/iot_db
2025-05-18 17:13:00,510 - INFO - ALGORITHM from env: HS256
2025-05-18 17:13:00,510 - INFO - ACCESS_TOKEN_EXPIRE_MINUTES from env: None
2025-05-18 17:13:00,515 - INFO - Settings loaded successfully
2025-05-18 17:13:00,515 - INFO - Final Database URL being used: postgresql://postgres:1234@localhost:5444/iot_db
2025-05-18 17:13:00,515 - INFO - Final Algorithm being used: HS256
2025-05-18 17:13:00,515 - INFO - Final Token expire minutes: 30
2025-05-18 17:13:00,515 - INFO - Đã tải cấu hình từ config.py
2025-05-18 17:13:00,602 - INFO - Các bảng hiện có trong database: ['feeds', 'sensor_data', 'compressed_data_optimized', 'users', 'devices', 'original_samples']
2025-05-18 17:13:00,602 - INFO - Tất cả các bảng cần thiết đã được thiết lập thành công!
2025-05-18 17:13:00,613 - INFO - Đã tạo bảng feeds
2025-05-18 17:13:00,622 - INFO - Đã tạo bảng sensor_data
2025-05-18 19:05:46,182 - INFO - Loading .env from: /Users/nhi/Documents/school/another/backend/.env
2025-05-18 19:05:46,184 - INFO - Environment variables:
2025-05-18 19:05:46,184 - INFO - DATABASE_URL from env: postgresql://postgres:1234@localhost:5444/iot_db
2025-05-18 19:05:46,184 - INFO - ALGORITHM from env: HS256
2025-05-18 19:05:46,184 - INFO - ACCESS_TOKEN_EXPIRE_MINUTES from env: None
2025-05-18 19:05:46,188 - INFO - Settings loaded successfully
2025-05-18 19:05:46,188 - INFO - Final Database URL being used: postgresql://postgres:1234@localhost:5444/iot_db
2025-05-18 19:05:46,188 - INFO - Final Algorithm being used: HS256
2025-05-18 19:05:46,188 - INFO - Final Token expire minutes: 30
2025-05-18 19:05:46,188 - INFO - Đã tải cấu hình từ config.py
2025-05-18 19:05:46,255 - INFO - Các bảng hiện có trong database: ['compressed_data_optimized', 'users', 'devices', 'feeds', 'sensor_data', 'original_samples']
2025-05-18 19:05:46,255 - INFO - Tất cả các bảng cần thiết đã được thiết lập thành công!
2025-05-18 19:05:46,287 - INFO - Đã tạo bảng feeds
2025-05-18 19:05:46,294 - INFO - Đã tạo bảng sensor_data
2025-05-18 19:18:56,935 - INFO - Loading .env from: /Users/nhi/Documents/school/another/backend/.env
2025-05-18 19:18:56,939 - INFO - Environment variables:
2025-05-18 19:18:56,940 - INFO - DATABASE_URL from env: postgresql://postgres:1234@localhost:5444/iot_db
2025-05-18 19:18:56,940 - INFO - ALGORITHM from env: HS256
2025-05-18 19:18:56,940 - INFO - ACCESS_TOKEN_EXPIRE_MINUTES from env: None
2025-05-18 19:18:56,963 - INFO - Settings loaded successfully
2025-05-18 19:18:56,964 - INFO - Final Database URL being used: postgresql://postgres:1234@localhost:5444/iot_db
2025-05-18 19:18:56,964 - INFO - Final Algorithm being used: HS256
2025-05-18 19:18:56,964 - INFO - Final Token expire minutes: 30
2025-05-18 19:18:56,964 - INFO - Đã tải cấu hình từ config.py
2025-05-18 19:18:57,099 - INFO - Các bảng hiện có trong database: ['compressed_data_optimized', 'users', 'devices', 'original_samples', 'feeds', 'sensor_data']
2025-05-18 19:18:57,099 - INFO - Tất cả các bảng cần thiết đã được thiết lập thành công!
2025-05-18 19:18:57,117 - INFO - Đã tạo bảng feeds
2025-05-18 19:18:57,125 - INFO - Đã tạo bảng sensor_data
2025-05-18 22:40:07,070 - INFO - Loading .env from: /Users/nhi/Documents/school/another/backend/.env
2025-05-18 22:40:07,071 - INFO - Environment variables:
2025-05-18 22:40:07,071 - INFO - DATABASE_URL from env: postgresql://postgres:1234@localhost:5444/iot_db
2025-05-18 22:40:07,071 - INFO - ALGORITHM from env: HS256
2025-05-18 22:40:07,071 - INFO - ACCESS_TOKEN_EXPIRE_MINUTES from env: None
2025-05-18 22:40:07,076 - INFO - Settings loaded successfully
2025-05-18 22:40:07,076 - INFO - Final Database URL being used: postgresql://postgres:1234@localhost:5444/iot_db
2025-05-18 22:40:07,076 - INFO - Final Algorithm being used: HS256
2025-05-18 22:40:07,076 - INFO - Final Token expire minutes: 30
2025-05-18 22:40:07,076 - INFO - Đã tải cấu hình từ config.py
2025-05-18 22:40:07,176 - INFO - Các bảng hiện có trong database: ['compressed_data_optimized', 'users', 'devices', 'original_samples', 'feeds', 'sensor_data']
2025-05-18 22:40:07,176 - INFO - Tất cả các bảng cần thiết đã được thiết lập thành công!
2025-05-18 22:40:07,206 - INFO - Đã tạo bảng feeds
2025-05-18 22:40:07,214 - INFO - Đã tạo bảng sensor_data
